03/04/2014 17:27:13\Couldn't find user 'thorsen' from (admin.letsvolley.com) to block, skipping wipe...
03/04/2014 17:27:19\Couldn't find user 'F A Y E' from (admin.letsvolley.com) to block, skipping wipe...
03/04/2014 17:27:21\Couldn't find user 'driven' from (admin.letsvolley.com) to block, skipping wipe...
03/04/2014 17:27:22\Couldn't find user 'rainahak' from (admin.letsvolley.com) to block, skipping wipe...
03/04/2014 17:27:24\Couldn't find user 'alexbro5' from (admin.letsvolley.com) to block, skipping wipe...
03/04/2014 17:27:27\Couldn't find user 'fuktard' from (admin.letsvolley.com) to block, skipping wipe...
03/04/2014 17:27:29\Couldn't find user 'vtcdfcds' from (admin.letsvolley.com) to block, skipping wipe...
03/04/2014 17:27:30\Couldn't find user 'puddaddy1225' from (admin.letsvolley.com) to block, skipping wipe...
03/04/2014 17:27:32\Couldn't find user '' from (admin.letsvolley.com) to block, skipping wipe...
03/04/2014 17:28:50	Couldn't find user 'thorsen' from (admin.letsvolley.com) to block, skipping wipe...
03/04/2014 17:28:52	Couldn't find user 'F A Y E' from (admin.letsvolley.com) to block, skipping wipe...
03/04/2014 17:28:53	Couldn't find user 'driven' from (admin.letsvolley.com) to block, skipping wipe...
03/04/2014 17:28:55	Couldn't find user 'rainahak' from (admin.letsvolley.com) to block, skipping wipe...
03/04/2014 17:28:56	Couldn't find user 'alexbro5' from (admin.letsvolley.com) to block, skipping wipe...
03/04/2014 17:28:59	Couldn't find user 'fuktard' from (admin.letsvolley.com) to block, skipping wipe...
03/04/2014 17:29:01	Couldn't find user 'vtcdfcds' from (admin.letsvolley.com) to block, skipping wipe...
03/04/2014 17:29:02	Couldn't find user 'puddaddy1225' from (admin.letsvolley.com) to block, skipping wipe...
03/04/2014 17:29:04	Couldn't find user '' from (admin.letsvolley.com) to block, skipping wipe...
03/04/2014 17:30:36	Couldn't find user 'kingsizehotdog' from (admin.letsvolley.com) to block, skipping wipe...
03/04/2014 17:30:37	Couldn't find user 'gino' from (admin.letsvolley.com) to block, skipping wipe...
03/04/2014 17:30:38	Couldn't find user 'stryker' from (admin.letsvolley.com) to block, skipping wipe...
03/04/2014 17:30:40	Couldn't find user 'elliod' from (admin.letsvolley.com) to block, skipping wipe...
03/04/2014 17:30:42	Couldn't find user 'cyprusrocks69' from (admin.letsvolley.com) to block, skipping wipe...
03/04/2014 17:30:43	Couldn't find user 'jkan' from (admin.letsvolley.com) to block, skipping wipe...
03/04/2014 17:30:45	Couldn't find user 'froggy_tiger' from (admin.letsvolley.com) to block, skipping wipe...
03/04/2014 17:30:46	Couldn't find user 'jizzy' from (admin.letsvolley.com) to block, skipping wipe...
03/04/2014 17:30:48	Couldn't find user 'hard2beat' from (admin.letsvolley.com) to block, skipping wipe...
03/04/2014 17:30:50	Couldn't find user 'steveb23' from (admin.letsvolley.com) to block, skipping wipe...
03/04/2014 17:30:51	Sucessfully blocked user 'Daddy_N2' from (admin.letsvolley.com)
03/04/2014 17:30:51	Sucessfully wiped user 'Daddy_N2' from (admin.letsvolley.com)
03/04/2014 17:30:57	Couldn't find user 'jaymoney' from (admin.letsvolley.com) to block, skipping wipe...
03/04/2014 17:30:58	Couldn't find user 'Sean Dillion' from (admin.letsvolley.com) to block, skipping wipe...
03/04/2014 17:31:00	Couldn't find user 'imlegitub2ok' from (admin.letsvolley.com) to block, skipping wipe...
03/04/2014 17:31:01	Couldn't find user 'towodiself' from (admin.letsvolley.com) to block, skipping wipe...
03/04/2014 17:31:03	Couldn't find user 'BMWz4' from (admin.letsvolley.com) to block, skipping wipe...
03/04/2014 17:31:05	Sucessfully blocked user 'beejay617' from (admin.letsvolley.com)
03/04/2014 17:31:05	Sucessfully wiped user 'beejay617' from (admin.letsvolley.com)
03/04/2014 17:31:10	Couldn't find user 'ritinhamiosao' from (admin.letsvolley.com) to block, skipping wipe...
03/04/2014 17:31:12	Sucessfully blocked user 'edwardp0118' from (admin.letsvolley.com)
03/04/2014 17:31:12	Sucessfully wiped user 'edwardp0118' from (admin.letsvolley.com)
03/04/2014 17:31:18	Couldn't find user 'bigjay85x' from (admin.letsvolley.com) to block, skipping wipe...
03/04/2014 17:31:25	Sucessfully blocked user ';)' from (admin.letsvolley.com)
03/04/2014 17:31:25	Sucessfully wiped user ';)' from (admin.letsvolley.com)
03/04/2014 17:31:31	Sucessfully blocked user 'amirali398' from (admin.letsvolley.com)
03/04/2014 17:31:31	Sucessfully wiped user 'amirali398' from (admin.letsvolley.com)
03/04/2014 17:31:36	Sucessfully blocked user 'chopper1' from (admin.letsvolley.com)
03/04/2014 17:31:36	Sucessfully wiped user 'chopper1' from (admin.letsvolley.com)
03/04/2014 17:31:42	Sucessfully blocked user 'Dre1961' from (admin.letsvolley.com)
03/04/2014 17:31:42	Sucessfully wiped user 'Dre1961' from (admin.letsvolley.com)
03/04/2014 17:31:47	Sucessfully blocked user 'lee88' from (admin.letsvolley.com)
03/04/2014 17:31:47	Sucessfully wiped user 'lee88' from (admin.letsvolley.com)
03/04/2014 17:31:53	Couldn't find user 'AdmiralAngry' from (admin.letsvolley.com) to block, skipping wipe...
03/04/2014 17:31:55	Sucessfully blocked user 'bigdaddy' from (admin.letsvolley.com)
03/04/2014 17:31:55	Sucessfully wiped user 'bigdaddy' from (admin.letsvolley.com)
03/04/2014 17:32:00	Couldn't find user 'luisvilleguy' from (admin.letsvolley.com) to block, skipping wipe...
03/04/2014 17:32:02	Sucessfully blocked user 'shadow1949' from (admin.letsvolley.com)
03/04/2014 17:32:02	Sucessfully wiped user 'shadow1949' from (admin.letsvolley.com)
03/04/2014 17:32:08	Sucessfully blocked user 'shyasianguy87' from (admin.letsvolley.com)
03/04/2014 17:32:08	Sucessfully wiped user 'shyasianguy87' from (admin.letsvolley.com)
03/04/2014 17:32:13	Couldn't find user 'critter7762000' from (admin.letsvolley.com) to block, skipping wipe...
03/04/2014 17:32:15	Sucessfully blocked user 'Markerr' from (admin.letsvolley.com)
03/04/2014 17:32:15	Sucessfully wiped user 'Markerr' from (admin.letsvolley.com)
03/04/2014 17:32:21	Sucessfully blocked user 'spidey' from (admin.letsvolley.com)
03/04/2014 17:32:21	Sucessfully wiped user 'spidey' from (admin.letsvolley.com)
03/04/2014 17:32:26	Sucessfully blocked user 'scousemacca' from (admin.letsvolley.com)
03/04/2014 17:32:26	Sucessfully wiped user 'scousemacca' from (admin.letsvolley.com)
03/04/2014 17:32:33	Sucessfully blocked user 'sdb1987' from (admin.letsvolley.com)
03/04/2014 17:32:33	Sucessfully wiped user 'sdb1987' from (admin.letsvolley.com)
03/04/2014 17:32:38	Sucessfully blocked user 'Shawn' from (admin.letsvolley.com)
03/04/2014 17:32:38	Sucessfully wiped user 'Shawn' from (admin.letsvolley.com)
03/04/2014 17:32:44	Couldn't find user '600SE' from (admin.letsvolley.com) to block, skipping wipe...
03/04/2014 17:32:45	Couldn't find user 'RomeDaDawg' from (admin.letsvolley.com) to block, skipping wipe...
03/04/2014 17:32:47	Couldn't find user 'slapy69' from (admin.letsvolley.com) to block, skipping wipe...
03/04/2014 17:32:49	Sucessfully blocked user 'mrnickell' from (admin.letsvolley.com)
03/04/2014 17:32:49	Sucessfully wiped user 'mrnickell' from (admin.letsvolley.com)
03/04/2014 17:32:54	Sucessfully blocked user 'richardb' from (admin.letsvolley.com)
03/04/2014 17:32:54	Sucessfully wiped user 'richardb' from (admin.letsvolley.com)
03/04/2014 17:33:02	Sucessfully blocked user 'b man' from (admin.letsvolley.com)
03/04/2014 17:33:02	Sucessfully wiped user 'b man' from (admin.letsvolley.com)
03/04/2014 17:33:14	Sucessfully blocked user 'flori' from (admin.letsvolley.com)
03/04/2014 17:33:14	Sucessfully wiped user 'flori' from (admin.letsvolley.com)
03/04/2014 17:33:19	Sucessfully blocked user 'DR' from (admin.letsvolley.com)
03/04/2014 17:33:19	Sucessfully wiped user 'DR' from (admin.letsvolley.com)
03/04/2014 17:33:25	Sucessfully blocked user 'jreavis88' from (admin.letsvolley.com)
03/04/2014 17:33:25	Sucessfully wiped user 'jreavis88' from (admin.letsvolley.com)
03/04/2014 17:33:30	Sucessfully blocked user 'scal2626' from (admin.letsvolley.com)
03/04/2014 17:33:30	Sucessfully wiped user 'scal2626' from (admin.letsvolley.com)
03/04/2014 17:33:36	Sucessfully blocked user 'mtkcco786' from (admin.letsvolley.com)
03/04/2014 17:33:36	Sucessfully wiped user 'mtkcco786' from (admin.letsvolley.com)
03/04/2014 17:33:41	Couldn't find user 'packerfan2010' from (admin.letsvolley.com) to block, skipping wipe...
03/04/2014 17:33:43	Sucessfully blocked user 'pinkcat' from (admin.letsvolley.com)
03/04/2014 17:33:43	Sucessfully wiped user 'pinkcat' from (admin.letsvolley.com)
03/04/2014 17:33:49	Couldn't find user 'The Prodigy' from (admin.letsvolley.com) to block, skipping wipe...
03/04/2014 17:33:50	Sucessfully blocked user 'slimjim88' from (admin.letsvolley.com)
03/04/2014 17:33:50	Sucessfully wiped user 'slimjim88' from (admin.letsvolley.com)
03/04/2014 17:33:56	Couldn't find user 'craigjones' from (admin.letsvolley.com) to block, skipping wipe...
03/04/2014 17:33:57	Sucessfully blocked user 'Bp2010' from (admin.letsvolley.com)
03/04/2014 17:33:57	Sucessfully wiped user 'Bp2010' from (admin.letsvolley.com)
03/04/2014 17:34:03	Sucessfully blocked user 'ali_716' from (admin.letsvolley.com)
03/04/2014 17:34:03	Sucessfully wiped user 'ali_716' from (admin.letsvolley.com)
03/04/2014 17:34:08	Sucessfully blocked user 'smoke&fire' from (admin.letsvolley.com)
03/04/2014 17:34:08	Sucessfully wiped user 'smoke&fire' from (admin.letsvolley.com)
03/04/2014 17:34:14	Sucessfully blocked user 'randyf9023' from (admin.letsvolley.com)
03/04/2014 17:34:14	Sucessfully wiped user 'randyf9023' from (admin.letsvolley.com)
03/04/2014 17:34:20	Sucessfully blocked user 'farooqk' from (admin.letsvolley.com)
03/04/2014 17:34:20	Sucessfully wiped user 'farooqk' from (admin.letsvolley.com)
03/04/2014 17:34:25	Sucessfully blocked user 'seanw' from (admin.letsvolley.com)
03/04/2014 17:34:25	Sucessfully wiped user 'seanw' from (admin.letsvolley.com)
03/04/2014 17:34:31	Sucessfully blocked user 'pl1244' from (admin.letsvolley.com)
03/04/2014 17:34:31	Sucessfully wiped user 'pl1244' from (admin.letsvolley.com)
03/04/2014 17:34:36	Sucessfully blocked user 'Woody168/' from (admin.letsvolley.com)
03/04/2014 17:34:36	Sucessfully wiped user 'Woody168/' from (admin.letsvolley.com)
03/04/2014 17:34:42	Sucessfully blocked user 'jdawg69' from (admin.letsvolley.com)
03/04/2014 17:34:42	Sucessfully wiped user 'jdawg69' from (admin.letsvolley.com)
03/04/2014 17:34:47	Sucessfully blocked user 'seanhu' from (admin.letsvolley.com)
03/04/2014 17:34:47	Sucessfully wiped user 'seanhu' from (admin.letsvolley.com)
03/04/2014 17:34:53	Sucessfully blocked user 'jackrabbit66' from (admin.letsvolley.com)
03/04/2014 17:34:53	Sucessfully wiped user 'jackrabbit66' from (admin.letsvolley.com)
03/04/2014 17:34:59	Sucessfully blocked user '19aiden88' from (admin.letsvolley.com)
03/04/2014 17:34:59	Sucessfully wiped user '19aiden88' from (admin.letsvolley.com)
03/04/2014 17:35:03	Sucessfully blocked user 'Bathsalt_69' from (admin.letsvolley.com)
03/04/2014 17:35:03	Sucessfully wiped user 'Bathsalt_69' from (admin.letsvolley.com)
03/04/2014 17:35:09	Sucessfully blocked user 'sooshi' from (admin.letsvolley.com)
03/04/2014 17:35:09	Sucessfully wiped user 'sooshi' from (admin.letsvolley.com)
03/04/2014 17:35:15	Sucessfully blocked user 'woodsn8k' from (admin.letsvolley.com)
03/04/2014 17:35:15	Sucessfully wiped user 'woodsn8k' from (admin.letsvolley.com)
03/04/2014 17:35:20	Sucessfully blocked user 'juesone' from (admin.letsvolley.com)
03/04/2014 17:35:20	Sucessfully wiped user 'juesone' from (admin.letsvolley.com)
03/04/2014 17:35:26	Couldn't find user 'drew boo' from (admin.letsvolley.com) to block, skipping wipe...
03/04/2014 17:35:28	Sucessfully blocked user 'Tmb34' from (admin.letsvolley.com)
03/04/2014 17:35:28	Sucessfully wiped user 'Tmb34' from (admin.letsvolley.com)
03/04/2014 17:35:33	Couldn't find user 'keens' from (admin.letsvolley.com) to block, skipping wipe...
03/04/2014 17:35:35	Sucessfully blocked user 'freshdef' from (admin.letsvolley.com)
03/04/2014 17:35:35	Sucessfully wiped user 'freshdef' from (admin.letsvolley.com)
03/04/2014 17:35:40	Sucessfully blocked user 'bamaguy37' from (admin.letsvolley.com)
03/04/2014 17:35:40	Sucessfully wiped user 'bamaguy37' from (admin.letsvolley.com)
03/04/2014 17:35:46	Couldn't find user 'toasty37' from (admin.letsvolley.com) to block, skipping wipe...
03/04/2014 17:35:47	Sucessfully blocked user 'sk8rdude' from (admin.letsvolley.com)
03/04/2014 17:35:47	Sucessfully wiped user 'sk8rdude' from (admin.letsvolley.com)
03/04/2014 17:35:52	Couldn't find user 'ryester69' from (admin.letsvolley.com) to block, skipping wipe...
03/04/2014 17:35:54	Sucessfully blocked user '420ant' from (admin.letsvolley.com)
03/04/2014 17:35:54	Sucessfully wiped user '420ant' from (admin.letsvolley.com)
03/04/2014 17:36:00	Couldn't find user 'fvfd' from (admin.letsvolley.com) to block, skipping wipe...
03/04/2014 17:36:01	Sucessfully blocked user 'beatme' from (admin.letsvolley.com)
03/04/2014 17:36:01	Sucessfully wiped user 'beatme' from (admin.letsvolley.com)
03/04/2014 17:36:07	Sucessfully blocked user 'howie_89' from (admin.letsvolley.com)
03/04/2014 17:36:07	Sucessfully wiped user 'howie_89' from (admin.letsvolley.com)
03/04/2014 17:36:12	Sucessfully blocked user 'sbt' from (admin.letsvolley.com)
03/04/2014 17:36:12	Sucessfully wiped user 'sbt' from (admin.letsvolley.com)
03/04/2014 17:36:18	Sucessfully blocked user 'gebino88' from (admin.letsvolley.com)
03/04/2014 17:36:18	Sucessfully wiped user 'gebino88' from (admin.letsvolley.com)
03/04/2014 17:36:23	Couldn't find user 'sexydamo' from (admin.letsvolley.com) to block, skipping wipe...
03/04/2014 17:36:25	Sucessfully blocked user 'ahole2020' from (admin.letsvolley.com)
03/04/2014 17:36:25	Sucessfully wiped user 'ahole2020' from (admin.letsvolley.com)
03/04/2014 17:36:30	Sucessfully blocked user 'dj87' from (admin.letsvolley.com)
03/04/2014 17:36:30	Sucessfully wiped user 'dj87' from (admin.letsvolley.com)
03/04/2014 17:36:36	Sucessfully blocked user 'skies_idol' from (admin.letsvolley.com)
03/04/2014 17:36:36	Sucessfully wiped user 'skies_idol' from (admin.letsvolley.com)
03/04/2014 17:36:41	Couldn't find user 'jsmith1024' from (admin.letsvolley.com) to block, skipping wipe...
03/04/2014 17:36:43	Couldn't find user 'silverwolf1310' from (admin.letsvolley.com) to block, skipping wipe...
03/04/2014 17:36:45	Sucessfully blocked user 'HellaSmack' from (admin.letsvolley.com)
03/04/2014 17:36:45	Sucessfully wiped user 'HellaSmack' from (admin.letsvolley.com)
03/04/2014 17:36:50	Sucessfully blocked user '27marinefox' from (admin.letsvolley.com)
03/04/2014 17:36:50	Sucessfully wiped user '27marinefox' from (admin.letsvolley.com)
03/04/2014 17:36:56	Couldn't find user 'you4ic' from (admin.letsvolley.com) to block, skipping wipe...
03/04/2014 17:36:58	Sucessfully blocked user 'eddie1023' from (admin.letsvolley.com)
03/04/2014 17:36:58	Sucessfully wiped user 'eddie1023' from (admin.letsvolley.com)
03/04/2014 17:37:03	Sucessfully blocked user 'ginge' from (admin.letsvolley.com)
03/04/2014 17:37:03	Sucessfully wiped user 'ginge' from (admin.letsvolley.com)
03/04/2014 17:37:09	Couldn't find user 'jjjjjjj' from (admin.letsvolley.com) to block, skipping wipe...
03/04/2014 17:37:10	Sucessfully blocked user 'SilverioG' from (admin.letsvolley.com)
03/04/2014 17:37:10	Sucessfully wiped user 'SilverioG' from (admin.letsvolley.com)
03/04/2014 17:37:16	Sucessfully blocked user 'K.Kash' from (admin.letsvolley.com)
03/04/2014 17:37:16	Sucessfully wiped user 'K.Kash' from (admin.letsvolley.com)
03/04/2014 17:37:22	Sucessfully blocked user 'mac211sic' from (admin.letsvolley.com)
03/04/2014 17:37:22	Sucessfully wiped user 'mac211sic' from (admin.letsvolley.com)
03/04/2014 17:37:27	Couldn't find user 'itsallme' from (admin.letsvolley.com) to block, skipping wipe...
03/04/2014 17:37:29	Sucessfully blocked user 'tommyt' from (admin.letsvolley.com)
03/04/2014 17:37:29	Sucessfully wiped user 'tommyt' from (admin.letsvolley.com)
03/04/2014 17:37:34	Couldn't find user 'allaroundtowntv' from (admin.letsvolley.com) to block, skipping wipe...
03/04/2014 17:37:36	Sucessfully blocked user 'esoretep' from (admin.letsvolley.com)
03/04/2014 17:37:36	Sucessfully wiped user 'esoretep' from (admin.letsvolley.com)
03/04/2014 17:37:42	Sucessfully blocked user 'tonyalamo' from (admin.letsvolley.com)
03/04/2014 17:37:42	Sucessfully wiped user 'tonyalamo' from (admin.letsvolley.com)
03/04/2014 17:37:47	Couldn't find user 'TRAVAUGHN34' from (admin.letsvolley.com) to block, skipping wipe...
03/04/2014 17:37:49	Couldn't find user 'koolaid85' from (admin.letsvolley.com) to block, skipping wipe...
03/04/2014 17:37:50	Sucessfully blocked user 'azcrum' from (admin.letsvolley.com)
03/04/2014 17:37:50	Sucessfully wiped user 'azcrum' from (admin.letsvolley.com)
03/04/2014 17:37:56	Sucessfully blocked user 'roxyb83' from (admin.letsvolley.com)
03/04/2014 17:37:56	Sucessfully wiped user 'roxyb83' from (admin.letsvolley.com)
03/04/2014 17:38:02	Sucessfully blocked user 'gtops' from (admin.letsvolley.com)
03/04/2014 17:38:02	Sucessfully wiped user 'gtops' from (admin.letsvolley.com)
03/04/2014 17:38:07	Sucessfully blocked user 'the_dude_in_black' from (admin.letsvolley.com)
03/04/2014 17:38:07	Sucessfully wiped user 'the_dude_in_black' from (admin.letsvolley.com)
03/04/2014 17:38:13	Couldn't find user 'likugood46' from (admin.letsvolley.com) to block, skipping wipe...
03/04/2014 17:38:15	Couldn't find user 'imdoyou69' from (admin.letsvolley.com) to block, skipping wipe...
03/04/2014 17:38:17	Couldn't find user 'ghkkff' from (admin.letsvolley.com) to block, skipping wipe...
03/04/2014 17:38:18	Couldn't find user 'wahpA' from (admin.letsvolley.com) to block, skipping wipe...
03/04/2014 17:38:20	Couldn't find user 'robertr69810r' from (admin.letsvolley.com) to block, skipping wipe...
03/04/2014 17:38:22	Couldn't find user 'mechanical lover' from (admin.letsvolley.com) to block, skipping wipe...
03/04/2014 17:38:23	Couldn't find user 'jjohnson26' from (admin.letsvolley.com) to block, skipping wipe...
03/04/2014 17:38:26	Sucessfully blocked user 'mehbeh' from (admin.letsvolley.com)
03/04/2014 17:38:26	Sucessfully wiped user 'mehbeh' from (admin.letsvolley.com)
03/04/2014 17:38:31	Couldn't find user 'sparkey_530' from (admin.letsvolley.com) to block, skipping wipe...
03/04/2014 17:38:33	Couldn't find user 'Infinite1' from (admin.letsvolley.com) to block, skipping wipe...
03/04/2014 17:38:35	Couldn't find user 'jgsaxon' from (admin.letsvolley.com) to block, skipping wipe...
03/04/2014 17:38:36	Couldn't find user 'Wing it' from (admin.letsvolley.com) to block, skipping wipe...
03/04/2014 17:38:38	Couldn't find user 'hornyguy24' from (admin.letsvolley.com) to block, skipping wipe...
03/04/2014 17:38:40	Couldn't find user 'ali.h' from (admin.letsvolley.com) to block, skipping wipe...
03/04/2014 17:38:41	Couldn't find user 'self-made-man' from (admin.letsvolley.com) to block, skipping wipe...
03/04/2014 17:38:43	Couldn't find user 'tripie69' from (admin.letsvolley.com) to block, skipping wipe...
03/04/2014 17:38:44	Couldn't find user 'ericka3785' from (admin.letsvolley.com) to block, skipping wipe...
03/04/2014 17:38:46	Couldn't find user 'MrNatural' from (admin.letsvolley.com) to block, skipping wipe...
03/04/2014 17:38:48	Couldn't find user 'generalmike23' from (admin.letsvolley.com) to block, skipping wipe...
03/04/2014 17:38:49	Couldn't find user 'koolaid85' from (admin.letsvolley.com) to block, skipping wipe...
03/04/2014 17:38:51	Couldn't find user 'BadBoyForLife69' from (admin.letsvolley.com) to block, skipping wipe...
03/04/2014 17:38:52	Couldn't find user 'itsallme' from (admin.letsvolley.com) to block, skipping wipe...
03/04/2014 17:38:54	Couldn't find user 'jase128' from (admin.letsvolley.com) to block, skipping wipe...
03/04/2014 17:38:55	Couldn't find user 'sum1' from (admin.letsvolley.com) to block, skipping wipe...
03/04/2014 17:38:57	Couldn't find user 'joe gallon' from (admin.letsvolley.com) to block, skipping wipe...
03/04/2014 17:38:59	Couldn't find user 'selfie Delicious' from (admin.letsvolley.com) to block, skipping wipe...
03/04/2014 17:39:00	Couldn't find user 'mohamad.hamidpor' from (admin.letsvolley.com) to block, skipping wipe...
03/04/2014 17:39:02	Couldn't find user 'bobbyc518' from (admin.letsvolley.com) to block, skipping wipe...
03/04/2014 17:39:04	Couldn't find user 'howie_89' from (admin.letsvolley.com) to block, skipping wipe...
03/04/2014 17:39:05	Couldn't find user 'sbt' from (admin.letsvolley.com) to block, skipping wipe...
03/04/2014 17:39:07	Sucessfully blocked user ';);)69' from (admin.letsvolley.com)
03/04/2014 17:39:07	Sucessfully wiped user ';);)69' from (admin.letsvolley.com)
03/04/2014 17:39:12	Sucessfully blocked user 'but man' from (admin.letsvolley.com)
03/04/2014 17:39:12	Sucessfully wiped user 'but man' from (admin.letsvolley.com)
03/04/2014 17:39:18	Sucessfully blocked user 'Chrisx237' from (admin.letsvolley.com)
03/04/2014 17:39:18	Sucessfully wiped user 'Chrisx237' from (admin.letsvolley.com)
03/04/2014 17:39:24	Couldn't find user 'pl1244' from (admin.letsvolley.com) to block, skipping wipe...
03/04/2014 17:39:25	Sucessfully blocked user 'Sugardaddy69' from (admin.letsvolley.com)
03/04/2014 17:39:25	Sucessfully wiped user 'Sugardaddy69' from (admin.letsvolley.com)
03/04/2014 17:39:31	Sucessfully blocked user 'deep1234' from (admin.letsvolley.com)
03/04/2014 17:39:31	Sucessfully wiped user 'deep1234' from (admin.letsvolley.com)
03/04/2014 17:39:37	Sucessfully blocked user 'lukepipeliner' from (admin.letsvolley.com)
03/04/2014 17:39:37	Sucessfully wiped user 'lukepipeliner' from (admin.letsvolley.com)
03/04/2014 17:39:42	Sucessfully blocked user 'waldo' from (admin.letsvolley.com)
03/04/2014 17:39:42	Sucessfully wiped user 'waldo' from (admin.letsvolley.com)
04/04/2014 17:09:22	Sucessfully blocked user 'bigdaddywuwu' from (admin.letsvolley.com)
04/04/2014 17:09:22	Sucessfully wiped user 'bigdaddywuwu' from (admin.letsvolley.com)
04/04/2014 17:09:33	Sucessfully blocked user 'bonedaddy' from (admin.letsvolley.com)
04/04/2014 17:09:33	Sucessfully wiped user 'bonedaddy' from (admin.letsvolley.com)
04/04/2014 17:09:39	Sucessfully blocked user 'Daddystyx' from (admin.letsvolley.com)
04/04/2014 17:09:39	Sucessfully wiped user 'Daddystyx' from (admin.letsvolley.com)
04/04/2014 17:09:44	Sucessfully blocked user 'bigblkdick' from (admin.letsvolley.com)
04/04/2014 17:09:44	Sucessfully wiped user 'bigblkdick' from (admin.letsvolley.com)
04/04/2014 17:09:50	Sucessfully blocked user 'bigdick' from (admin.letsvolley.com)
04/04/2014 17:09:50	Sucessfully wiped user 'bigdick' from (admin.letsvolley.com)
04/04/2014 17:09:56	Sucessfully blocked user 'bigdickbenny' from (admin.letsvolley.com)
04/04/2014 17:09:56	Sucessfully wiped user 'bigdickbenny' from (admin.letsvolley.com)
04/04/2014 17:10:01	Sucessfully blocked user 'BigDickDude18' from (admin.letsvolley.com)
04/04/2014 17:10:01	Sucessfully wiped user 'BigDickDude18' from (admin.letsvolley.com)
04/04/2014 17:10:07	Sucessfully blocked user 'bigdicksuckitxxx' from (admin.letsvolley.com)
04/04/2014 17:10:07	Couldn't find user 'bigdicksuckitxxx' from (admin.letsvolley.com) to wipe, skipping over...
04/04/2014 17:10:13	Sucessfully blocked user 'BigDickxxx' from (admin.letsvolley.com)
04/04/2014 17:10:13	Sucessfully wiped user 'BigDickxxx' from (admin.letsvolley.com)
04/04/2014 17:10:19	Sucessfully blocked user 'biggestdick123cute' from (admin.letsvolley.com)
04/04/2014 17:10:19	Sucessfully wiped user 'biggestdick123cute' from (admin.letsvolley.com)
04/04/2014 17:10:26	Couldn't find user 'bobbybigdick' from (admin.letsvolley.com) to block, skipping wipe...
04/04/2014 17:10:27	Sucessfully blocked user 'brandieatsdicks' from (admin.letsvolley.com)
04/04/2014 17:10:27	Sucessfully wiped user 'brandieatsdicks' from (admin.letsvolley.com)
04/04/2014 17:10:33	Sucessfully blocked user 'dick inass' from (admin.letsvolley.com)
04/04/2014 17:10:33	Sucessfully wiped user 'dick inass' from (admin.letsvolley.com)
04/04/2014 17:10:39	Sucessfully blocked user 'dickgobblar69' from (admin.letsvolley.com)
04/04/2014 17:10:39	Sucessfully wiped user 'dickgobblar69' from (admin.letsvolley.com)
04/04/2014 17:10:44	Sucessfully blocked user 'dickLicker13579' from (admin.letsvolley.com)
04/04/2014 17:10:44	Sucessfully wiped user 'dickLicker13579' from (admin.letsvolley.com)
04/04/2014 17:10:50	Sucessfully blocked user 'dicksucker' from (admin.letsvolley.com)
04/04/2014 17:10:50	Sucessfully wiped user 'dicksucker' from (admin.letsvolley.com)
04/04/2014 17:10:56	Sucessfully blocked user 'imadick69' from (admin.letsvolley.com)
04/04/2014 17:10:56	Sucessfully wiped user 'imadick69' from (admin.letsvolley.com)
04/04/2014 17:11:02	Sucessfully blocked user 'longdick56' from (admin.letsvolley.com)
04/04/2014 17:11:02	Sucessfully wiped user 'longdick56' from (admin.letsvolley.com)
04/04/2014 17:11:09	Sucessfully blocked user 'LONGDICKNIGGA' from (admin.letsvolley.com)
04/04/2014 17:11:09	Sucessfully wiped user 'LONGDICKNIGGA' from (admin.letsvolley.com)
04/04/2014 17:11:16	Sucessfully blocked user 'momyeahilikedick' from (admin.letsvolley.com)
04/04/2014 17:11:16	Sucessfully wiped user 'momyeahilikedick' from (admin.letsvolley.com)
04/04/2014 17:11:23	Sucessfully blocked user 'ThickDick52' from (admin.letsvolley.com)
04/04/2014 17:11:23	Sucessfully wiped user 'ThickDick52' from (admin.letsvolley.com)
04/04/2014 17:35:49	Sucessfully blocked user 'hornyscot' from (admin.letsvolley.com)
04/04/2014 17:35:49	Sucessfully wiped user 'hornyscot' from (admin.letsvolley.com)
04/04/2014 17:35:59	Sucessfully blocked user 'horny69' from (admin.letsvolley.com)
04/04/2014 17:35:59	Sucessfully wiped user 'horny69' from (admin.letsvolley.com)
04/04/2014 17:36:04	Sucessfully blocked user 'hornydad39' from (admin.letsvolley.com)
04/04/2014 17:36:04	Sucessfully wiped user 'hornydad39' from (admin.letsvolley.com)
04/04/2014 17:36:10	Couldn't find user 'hornytatteddude' from (admin.letsvolley.com) to block, skipping wipe...
04/04/2014 17:36:13	Sucessfully blocked user 'hornyteen97' from (admin.letsvolley.com)
04/04/2014 17:36:13	Sucessfully wiped user 'hornyteen97' from (admin.letsvolley.com)
